<?xml version="1.0" encoding="UTF-8"?>
<testng-results skipped="0" failed="0" ignored="0" total="2" passed="2">
  <reporter-output>
  </reporter-output>
  <suite name="Suite" duration-ms="14688" started-at="2019-09-08T11:06:43Z" finished-at="2019-09-08T11:06:57Z">
    <groups>
      <group name="cucumber">
        <method signature="AbstractTestNGCucumberTests.runScenario(cucumber.api.testng.PickleEventWrapper, cucumber.api.testng.CucumberFeatureWrapper)[pri:0, instance:com.leafBot.testcases.TC001_LoginLogout@cb5822]" name="runScenario" class="cucumber.api.testng.AbstractTestNGCucumberTests"/>
      </group> <!-- cucumber -->
    </groups>
    <test name="Test" duration-ms="14688" started-at="2019-09-08T11:06:43Z" finished-at="2019-09-08T11:06:57Z">
      <class name="com.leafBot.testcases.TC001_LoginLogout">
        <test-method status="PASS" signature="startReport()[pri:0, instance:com.leafBot.testcases.TC001_LoginLogout@cb5822]" name="startReport" is-config="true" duration-ms="199" started-at="2019-09-08T11:06:42Z" finished-at="2019-09-08T11:06:43Z">
          <reporter-output>
          </reporter-output>
        </test-method> <!-- startReport -->
        <test-method status="PASS" signature="setData()[pri:0, instance:com.leafBot.testcases.TC001_LoginLogout@cb5822]" name="setData" is-config="true" duration-ms="0" started-at="2019-09-08T11:06:43Z" finished-at="2019-09-08T11:06:43Z">
          <reporter-output>
          </reporter-output>
        </test-method> <!-- setData -->
        <test-method status="PASS" signature="setUpClass()[pri:0, instance:com.leafBot.testcases.TC001_LoginLogout@cb5822]" name="setUpClass" is-config="true" duration-ms="110" started-at="2019-09-08T11:06:43Z" finished-at="2019-09-08T11:06:43Z">
          <reporter-output>
          </reporter-output>
        </test-method> <!-- setUpClass -->
        <test-method status="PASS" signature="report()[pri:0, instance:com.leafBot.testcases.TC001_LoginLogout@cb5822]" name="report" is-config="true" duration-ms="12" started-at="2019-09-08T11:06:43Z" finished-at="2019-09-08T11:06:43Z">
          <reporter-output>
          </reporter-output>
        </test-method> <!-- report -->
        <test-method status="PASS" signature="beforeMethod()[pri:0, instance:com.leafBot.testcases.TC001_LoginLogout@cb5822]" name="beforeMethod" is-config="true" duration-ms="5442" started-at="2019-09-08T11:06:44Z" finished-at="2019-09-08T11:06:49Z">
          <reporter-output>
          </reporter-output>
        </test-method> <!-- beforeMethod -->
        <test-method status="PASS" signature="runTC001(java.lang.String, java.lang.String)[pri:0, instance:com.leafBot.testcases.TC001_LoginLogout@cb5822]" name="runTC001" duration-ms="1757" started-at="2019-09-08T11:06:49Z" data-provider="fetchData" finished-at="2019-09-08T11:06:51Z">
          <params>
            <param index="0">
              <value>
                <![CDATA[DemoSalesManager]]>
              </value>
            </param>
            <param index="1">
              <value>
                <![CDATA[crmsfa]]>
              </value>
            </param>
          </params>
          <reporter-output>
          </reporter-output>
        </test-method> <!-- runTC001 -->
        <test-method status="PASS" signature="afterMethod()[pri:0, instance:com.leafBot.testcases.TC001_LoginLogout@cb5822]" name="afterMethod" is-config="true" duration-ms="240" started-at="2019-09-08T11:06:51Z" finished-at="2019-09-08T11:06:51Z">
          <reporter-output>
          </reporter-output>
        </test-method> <!-- afterMethod -->
        <test-method status="PASS" signature="beforeMethod()[pri:0, instance:com.leafBot.testcases.TC001_LoginLogout@cb5822]" name="beforeMethod" is-config="true" duration-ms="4457" started-at="2019-09-08T11:06:51Z" finished-at="2019-09-08T11:06:55Z">
          <reporter-output>
          </reporter-output>
        </test-method> <!-- beforeMethod -->
        <test-method status="PASS" signature="runTC001(java.lang.String, java.lang.String)[pri:0, instance:com.leafBot.testcases.TC001_LoginLogout@cb5822]" name="runTC001" duration-ms="1732" started-at="2019-09-08T11:06:55Z" data-provider="fetchData" finished-at="2019-09-08T11:06:57Z">
          <params>
            <param index="0">
              <value>
                <![CDATA[DemoCSR]]>
              </value>
            </param>
            <param index="1">
              <value>
                <![CDATA[crmsfa]]>
              </value>
            </param>
          </params>
          <reporter-output>
          </reporter-output>
        </test-method> <!-- runTC001 -->
        <test-method status="PASS" signature="afterMethod()[pri:0, instance:com.leafBot.testcases.TC001_LoginLogout@cb5822]" name="afterMethod" is-config="true" duration-ms="144" started-at="2019-09-08T11:06:57Z" finished-at="2019-09-08T11:06:57Z">
          <reporter-output>
          </reporter-output>
        </test-method> <!-- afterMethod -->
        <test-method status="PASS" signature="tearDownClass()[pri:0, instance:com.leafBot.testcases.TC001_LoginLogout@cb5822]" name="tearDownClass" is-config="true" duration-ms="4" started-at="2019-09-08T11:06:57Z" finished-at="2019-09-08T11:06:57Z">
          <reporter-output>
          </reporter-output>
        </test-method> <!-- tearDownClass -->
        <test-method status="PASS" signature="stopReport()[pri:0, instance:com.leafBot.testcases.TC001_LoginLogout@cb5822]" name="stopReport" is-config="true" duration-ms="346" started-at="2019-09-08T11:06:57Z" finished-at="2019-09-08T11:06:58Z">
          <reporter-output>
          </reporter-output>
        </test-method> <!-- stopReport -->
      </class> <!-- com.leafBot.testcases.TC001_LoginLogout -->
    </test> <!-- Test -->
  </suite> <!-- Suite -->
</testng-results>
